<?xml version="1.0" encoding="UTF-8"?>
<!-- Generated by org.testng.reporters.JUnitXMLReporter -->
<testsuite ignored="0" hostname="DESKTOP-RDD7TQM" failures="0" tests="3" name="Default test" time="56.762" errors="0" timestamp="24 Apr 2021 15:33:02 GMT">
  <testcase classname="com.sample.test.demo.tests.DemoTest" name="happypathTest" time="15.055"/>
  <testcase classname="com.sample.test.demo.tests.DemoTest" name="negativetest" time="14.783"/>
  <testcase classname="com.sample.test.demo.tests.DemoTest" name="boundrytesting" time="14.342"/>
</testsuite> <!-- Default test -->
