<?xml version="1.0" encoding="UTF-8"?>
<testng-results skipped="0" failed="0" ignored="0" total="1" passed="1">
  <reporter-output>
  </reporter-output>
  <suite name="Default suite" duration-ms="16326" started-at="2021-04-22T23:36:45Z" finished-at="2021-04-22T23:37:01Z">
    <groups>
    </groups>
    <test name="Default test" duration-ms="16326" started-at="2021-04-22T23:36:45Z" finished-at="2021-04-22T23:37:01Z">
      <class name="com.sample.test.demo.tests.DemoTest">
        <test-method status="PASS" signature="init()[pri:0, instance:com.sample.test.demo.tests.DemoTest@fdefd3f]" name="init" is-config="true" duration-ms="4919" started-at="2021-04-22T23:36:45Z" finished-at="2021-04-22T23:36:50Z">
          <reporter-output>
          </reporter-output>
        </test-method> <!-- init -->
        <test-method status="PASS" signature="happypathTest()[pri:0, instance:com.sample.test.demo.tests.DemoTest@fdefd3f]" name="happypathTest" duration-ms="11313" started-at="2021-04-22T23:36:50Z" finished-at="2021-04-22T23:37:01Z">
          <reporter-output>
          </reporter-output>
        </test-method> <!-- happypathTest -->
        <test-method status="PASS" signature="tearDown()[pri:0, instance:com.sample.test.demo.tests.DemoTest@fdefd3f]" name="tearDown" is-config="true" duration-ms="79" started-at="2021-04-22T23:37:01Z" finished-at="2021-04-22T23:37:01Z">
          <reporter-output>
          </reporter-output>
        </test-method> <!-- tearDown -->
      </class> <!-- com.sample.test.demo.tests.DemoTest -->
    </test> <!-- Default test -->
  </suite> <!-- Default suite -->
</testng-results>
